
     | | | | | | |
   _________________
  -|               |-
  -|               |-
  -|               |-
  -|    CYPRESS    |-
  -|               |-
  -|               |-   Warp VHDL Synthesis Compiler: Version 6.3 IR 35
  -|               |-   Copyright (C) 1991-2001 Cypress Semiconductor
   |_______________|
     | | | | | | |

======================================================================
Compiling:  DISPLAY.VHD
Options:    -yu -e10 -w100 -o2 -ygs -fP -v10 -dc22v10 -ppalc22v10d-25pc -b DISPLAY.VHD -u display.hie
======================================================================

vhdlfe V6.3 IR 35:  VHDL parser
Thu Dec 01 11:09:54 2022

Library 'work' => directory 'lc22v10'
Linking 'C:\Archivos de programa\Cypress\Warp\bin\std.vhd'.
Linking 'C:\Archivos de programa\Cypress\Warp\lib\common\cypress.vhd'.
Linking 'C:\Archivos de programa\Cypress\Warp\lib\common\work\cypress.vif'.
Library 'ieee' => directory 'C:\Archivos de programa\Cypress\Warp\lib\ieee\work'
Linking 'C:\Archivos de programa\Cypress\Warp\lib\ieee\work\stdlogic.vif'.
Linking 'C:\Archivos de programa\Cypress\Warp\lib\common\stdlogic\lpmpkg.vif'.
Linking 'C:\Archivos de programa\Cypress\Warp\lib\common\stdlogic\rtlpkg.vif'.
Linking 'C:\Archivos de programa\Cypress\Warp\lib\common\stdlogic\mod_cnst.vif'.
Linking 'C:\Archivos de programa\Cypress\Warp\lib\common\stdlogic\mod_mthu.vif'.
Linking 'C:\Archivos de programa\Cypress\Warp\lib\common\stdlogic\mod_mths.vif'.
Linking 'C:\Archivos de programa\Cypress\Warp\lib\common\stdlogic\mod_genu.vif'.
Linking 'C:\Archivos de programa\Cypress\Warp\lib\ieee\work\syntocyp.vif'.
Linking 'C:\Archivos de programa\Cypress\Warp\lib\ieee\work\synusgnd.vif'.

vhdlfe:  No errors.


tovif V6.3 IR 35:  High-level synthesis
Thu Dec 01 11:09:55 2022

Linking 'C:\Archivos de programa\Cypress\Warp\bin\std.vhd'.
Linking 'C:\Archivos de programa\Cypress\Warp\lib\common\cypress.vhd'.
Linking 'C:\Archivos de programa\Cypress\Warp\lib\common\work\cypress.vif'.
Linking 'C:\Archivos de programa\Cypress\Warp\lib\ieee\work\stdlogic.vif'.
Linking 'C:\Archivos de programa\Cypress\Warp\lib\common\stdlogic\lpmpkg.vif'.
Linking 'C:\Archivos de programa\Cypress\Warp\lib\common\stdlogic\rtlpkg.vif'.
Linking 'C:\Archivos de programa\Cypress\Warp\lib\common\stdlogic\mod_cnst.vif'.
Linking 'C:\Archivos de programa\Cypress\Warp\lib\common\stdlogic\mod_mthu.vif'.
Linking 'C:\Archivos de programa\Cypress\Warp\lib\common\stdlogic\mod_mths.vif'.
Linking 'C:\Archivos de programa\Cypress\Warp\lib\common\stdlogic\mod_genu.vif'.
Linking 'C:\Archivos de programa\Cypress\Warp\lib\ieee\work\syntocyp.vif'.
Linking 'C:\Archivos de programa\Cypress\Warp\lib\ieee\work\synusgnd.vif'.

tovif:  No errors.


topld V6.3 IR 35:  Synthesis and optimization
Thu Dec 01 11:09:55 2022

Linking 'C:\Archivos de programa\Cypress\Warp\bin\std.vhd'.
Linking 'C:\Archivos de programa\Cypress\Warp\lib\common\cypress.vhd'.
Linking 'C:\Archivos de programa\Cypress\Warp\lib\common\work\cypress.vif'.
Linking 'C:\Archivos de programa\Cypress\Warp\lib\ieee\work\stdlogic.vif'.
Linking 'C:\Archivos de programa\Cypress\Warp\lib\common\stdlogic\lpmpkg.vif'.
Linking 'C:\Archivos de programa\Cypress\Warp\lib\common\stdlogic\rtlpkg.vif'.
Linking 'C:\Archivos de programa\Cypress\Warp\lib\common\stdlogic\mod_cnst.vif'.
Linking 'C:\Archivos de programa\Cypress\Warp\lib\common\stdlogic\mod_mthu.vif'.
Linking 'C:\Archivos de programa\Cypress\Warp\lib\common\stdlogic\mod_mths.vif'.
Linking 'C:\Archivos de programa\Cypress\Warp\lib\common\stdlogic\mod_genu.vif'.
Linking 'C:\Archivos de programa\Cypress\Warp\lib\ieee\work\syntocyp.vif'.
Linking 'C:\Archivos de programa\Cypress\Warp\lib\ieee\work\synusgnd.vif'.

----------------------------------------------------------
Detecting unused logic.
----------------------------------------------------------



------------------------------------------------------
Alias Detection
------------------------------------------------------

------------------------------------------------------
Aliased 0 equations, 0 wires.
------------------------------------------------------

----------------------------------------------------------
Circuit simplification
----------------------------------------------------------

----------------------------------------------------------
Circuit simplification results:

	Expanded 0 signals.
	Turned 0 signals into soft nodes.
	Maximum default expansion cost was set at 10.
----------------------------------------------------------
Created 11 PLD nodes.

topld:  No errors.

----------------------------------------------------------------------------
PLD Optimizer Software:       DSGNOPT.EXE    31/03/2000  [v4.02 ] 6.3 IR 35

DESIGN HEADER INFORMATION  (11:09:56)

Input File(s): DISPLAY.pla
Device       : C22V10
Package      : palc22v10d-25pc
ReportFile   : DISPLAY.rpt

Program Controls:
    COMMAND LANGUAGE_VHDL 
    COMMAND PROPERTY BUS_HOLD ENABLE 

Signal Requests:
    GROUP USEPOL ALL
    GROUP FAST_SLEW ALL

Completed Successfully  
----------------------------------------------------------------------------
PLD Optimizer Software:       DSGNOPT.EXE    31/03/2000  [v4.02 ] 6.3 IR 35

OPTIMIZATION OPTIONS       (11:09:56)

Messages:
  Information: Optimizing logic using best output polarity for signals:
         display(0) display(1) display(2) display(3) display(4) display(5)
         display(6)



Summary:
                 Error Count = 0      Warning Count = 0

Completed Successfully  
----------------------------------------------------------------------------
PLD Optimizer Software:       MINOPT.EXE     01/NOV/1999  [v4.02 ] 6.3 IR 35

LOGIC MINIMIZATION         ()

Messages:


Summary:
                 Error Count = 0      Warning Count = 0

Completed Successfully
----------------------------------------------------------------------------
PLD Optimizer Software:       DSGNOPT.EXE    31/03/2000  [v4.02 ] 6.3 IR 35

OPTIMIZATION OPTIONS       (11:09:56)

Messages:
  Information: Optimizing Banked Preset/Reset requirements.


Summary:
                 Error Count = 0      Warning Count = 0

Completed Successfully  
----------------------------------------------------------------------------
PLD Compiler Software:        PLA2JED.EXE    31/03/2000  [v4.02 ] 6.3 IR 35

<CYPRESSTAG name="Equations" icon=FILE_RPT_EQUATION>
DESIGN EQUATIONS           (11:09:56)
</CYPRESSTAG>

    display(0) =
          /e(0) * /e(1) * e(2) * e(3) 
        + e(0) * e(1) * e(2) * /e(3) 
        + /e(1) * /e(2) * /e(3) 

    display(1) =
          e(0) * /e(1) * e(2) * e(3) 
        + e(0) * e(1) * /e(3) 
        + e(1) * /e(2) * /e(3) 
        + e(0) * /e(2) * /e(3) 

    display(2) =
          /e(0) * e(1) * /e(2) * e(3) 
        + e(0) * /e(1) * /e(2) 
        + /e(1) * e(2) * /e(3) 
        + e(0) * /e(3) 

    display(3) =
          /e(0) * /e(1) * e(2) * /e(3) 
        + e(0) * e(1) * e(2) 
        + e(0) * /e(1) * /e(2) 

    display(4) =
          /e(0) * e(1) * /e(2) * /e(3) 
        + e(1) * e(2) * e(3) 
        + /e(0) * e(2) * e(3) 

    display(5) =
          e(0) * /e(1) * e(2) * /e(3) 
        + /e(0) * e(2) * e(3) 
        + e(0) * e(1) * e(3) 
        + /e(0) * e(1) * e(2) 

    display(6) =
          /e(0) * /e(1) * e(2) * /e(3) 
        + e(0) * /e(1) * e(2) * e(3) 
        + e(0) * e(1) * /e(2) * e(3) 
        + e(0) * /e(1) * /e(2) * /e(3) 


Completed Successfully  
----------------------------------------------------------------------------
PLD Compiler Software:        PLA2JED.EXE    31/03/2000  [v4.02 ] 6.3 IR 35

DESIGN RULE CHECK          (11:09:56)

Messages:
                 None.


Summary:
                 Error Count = 0      Warning Count = 0

Completed Successfully  
----------------------------------------------------------------------------
PLD Compiler Software:        PLA2JED.EXE    31/03/2000  [v4.02 ] 6.3 IR 35

<CYPRESSTAG name="Pinout" icon=FILE_RPT_PINOUT>
PINOUT INFORMATION   (11:09:56)
</CYPRESSTAG>
Messages:
  Information: All signals pre-placed in user design.


                                 C22V10
                 __________________________________________
       not used *| 1|                                  |24|* not used       
           e(0) =| 2|                                  |23|* not used       
           e(1) =| 3|                                  |22|* not used       
           e(2) =| 4|                                  |21|* not used       
           e(3) =| 5|                                  |20|= display(6)     
       not used *| 6|                                  |19|= display(5)     
       not used *| 7|                                  |18|= display(4)     
       not used *| 8|                                  |17|= display(3)     
       not used *| 9|                                  |16|= display(2)     
       not used *|10|                                  |15|= display(1)     
       not used *|11|                                  |14|= display(0)     
       not used *|12|                                  |13|* not used       
                 __________________________________________


Summary:
                 Error Count = 0      Warning Count = 0

Completed Successfully  
  Information: Checking for duplicate NODE logic.
----------------------------------------------------------------------------
PLD Compiler Software:        PLA2JED.EXE    31/03/2000  [v4.02 ] 6.3 IR 35

<CYPRESSTAG name="Utilization" icon=FILE_RPT_UTILIZATION>
RESOURCE UTILIZATION (11:09:56)
</CYPRESSTAG>
  Information: Macrocell Utilization.

                     Description        Used     Max
                 ______________________________________
                 | Dedicated Inputs   |    4  |   11  |
                 | Clock/Inputs       |    0  |    1  |
                 | I/O Macrocells     |    7  |   10  |
                 ______________________________________
                                          11  /   22   = 50  %


  Information: Output Logic Product Term Utilization.

                  Node#  Output Signal Name  Used   Max
                 ________________________________________
                 | 14  |  display(0)      |   3  |   8  |
                 | 15  |  display(1)      |   4  |  10  |
                 | 16  |  display(2)      |   4  |  12  |
                 | 17  |  display(3)      |   3  |  14  |
                 | 18  |  display(4)      |   3  |  16  |
                 | 19  |  display(5)      |   4  |  16  |
                 | 20  |  display(6)      |   4  |  14  |
                 | 21  |  Unused          |   0  |  12  |
                 | 22  |  Unused          |   0  |  10  |
                 | 23  |  Unused          |   0  |   8  |
                 | 25  |  Unused          |   0  |   1  |
                 ________________________________________
                                             25  / 121   = 20  %


Completed Successfully  
----------------------------------------------------------------------------
PLD Compiler Software:        PLA2JED.EXE    31/03/2000  [v4.02 ] 6.3 IR 35

JEDEC ASSEMBLE             (11:09:56)

Messages:
  Information: Output file 'DISPLAY.pin' created.
  Information: Output file 'DISPLAY.jed' created.

  Usercode:    
  Checksum:    AD59



Summary:
                 Error Count = 0      Warning Count = 0

Completed Successfully at 11:09:56
