
     | | | | | | |
   _________________
  -|               |-
  -|               |-
  -|               |-
  -|    CYPRESS    |-
  -|               |-
  -|               |-   Warp VHDL Synthesis Compiler: Version 6.3 IR 35
  -|               |-   Copyright (C) 1991-2001 Cypress Semiconductor
   |_______________|
     | | | | | | |

======================================================================
Compiling:  Registro.vhd
Options:    -yu -e10 -w100 -o2 -ygs -fP -v10 -dc22v10 -ppalc22v10d-25pc -b Registro.vhd -u Practica5DSD.hie
======================================================================

vhdlfe V6.3 IR 35:  VHDL parser
Thu Dec 01 10:16:00 2022

Library 'work' => directory 'lc22v10'
Linking 'C:\Archivos de programa\Cypress\Warp\bin\std.vhd'.
Linking 'C:\Archivos de programa\Cypress\Warp\lib\common\cypress.vhd'.
Linking 'C:\Archivos de programa\Cypress\Warp\lib\common\work\cypress.vif'.
Library 'ieee' => directory 'C:\Archivos de programa\Cypress\Warp\lib\ieee\work'
Linking 'C:\Archivos de programa\Cypress\Warp\lib\ieee\work\stdlogic.vif'.

vhdlfe:  No errors.


tovif V6.3 IR 35:  High-level synthesis
Thu Dec 01 10:16:00 2022

Linking 'C:\Archivos de programa\Cypress\Warp\bin\std.vhd'.
Linking 'C:\Archivos de programa\Cypress\Warp\lib\common\cypress.vhd'.
Linking 'C:\Archivos de programa\Cypress\Warp\lib\common\work\cypress.vif'.
Linking 'C:\Archivos de programa\Cypress\Warp\lib\ieee\work\stdlogic.vif'.

tovif:  No errors.


topld V6.3 IR 35:  Synthesis and optimization
Thu Dec 01 10:16:01 2022

Linking 'C:\Archivos de programa\Cypress\Warp\bin\std.vhd'.
Linking 'C:\Archivos de programa\Cypress\Warp\lib\common\cypress.vhd'.
Linking 'C:\Archivos de programa\Cypress\Warp\lib\common\work\cypress.vif'.
Linking 'C:\Archivos de programa\Cypress\Warp\lib\ieee\work\stdlogic.vif'.

----------------------------------------------------------
Detecting unused logic.
----------------------------------------------------------



------------------------------------------------------
Alias Detection
------------------------------------------------------

------------------------------------------------------
Aliased 0 equations, 0 wires.
------------------------------------------------------

----------------------------------------------------------
Circuit simplification
----------------------------------------------------------

----------------------------------------------------------
Circuit simplification results:

	Expanded 0 signals.
	Turned 0 signals into soft nodes.
	Maximum default expansion cost was set at 10.
----------------------------------------------------------
Created 17 PLD nodes.

topld:  No errors.

----------------------------------------------------------------------------
PLD Optimizer Software:       DSGNOPT.EXE    31/03/2000  [v4.02 ] 6.3 IR 35

DESIGN HEADER INFORMATION  (10:16:02)

Input File(s): Registro.pla
Device       : C22V10
Package      : palc22v10d-25pc
ReportFile   : Registro.rpt

Program Controls:
    COMMAND LANGUAGE_VHDL 
    COMMAND PROPERTY BUS_HOLD ENABLE 

Signal Requests:
    GROUP USEPOL ALL
    GROUP FAST_SLEW ALL

Completed Successfully  
----------------------------------------------------------------------------
PLD Optimizer Software:       DSGNOPT.EXE    31/03/2000  [v4.02 ] 6.3 IR 35

OPTIMIZATION OPTIONS       (10:16:02)

Messages:
  Information: Process virtual '\qa(0)D\'\qa(0)D\ ... expanded.
  Information: Process virtual '\qa(1)D\'\qa(1)D\ ... expanded.
  Information: Process virtual '\qa(2)D\'\qa(2)D\ ... expanded.
  Information: Process virtual '\qa(3)D\'\qa(3)D\ ... expanded.
  Information: Optimizing logic using best output polarity for signals:
         qa(0).D qa(1).D qa(2).D qa(3).D

  Information: Selected logic optimization OFF for signals:
         qa(0).C qa(1).C qa(2).C qa(3).C



Summary:
                 Error Count = 0      Warning Count = 0

Completed Successfully  
----------------------------------------------------------------------------
PLD Optimizer Software:       MINOPT.EXE     01/NOV/1999  [v4.02 ] 6.3 IR 35

LOGIC MINIMIZATION         ()

Messages:


Summary:
                 Error Count = 0      Warning Count = 0

Completed Successfully
----------------------------------------------------------------------------
PLD Optimizer Software:       DSGNOPT.EXE    31/03/2000  [v4.02 ] 6.3 IR 35

OPTIMIZATION OPTIONS       (10:16:02)

Messages:
  Information: Optimizing Banked Preset/Reset requirements.


Summary:
                 Error Count = 0      Warning Count = 0

Completed Successfully  
----------------------------------------------------------------------------
PLD Compiler Software:        PLA2JED.EXE    31/03/2000  [v4.02 ] 6.3 IR 35

<CYPRESSTAG name="Equations" icon=FILE_RPT_EQUATION>
DESIGN EQUATIONS           (10:16:02)
</CYPRESSTAG>

    qa(0).D =
          mx(0) * mx(1) * qa(0).Q 
        + /mx(0) * mx(1) * qa(1).Q 
        + mx(0) * /mx(1) * qa(1).Q 
        + a(0) * /mx(0) * /mx(1) 

    qa(0).AR =
          GND

    qa(0).SP =
          GND

    qa(0).C =
          clk 

    qa(1).D =
          mx(0) * mx(1) * qa(1).Q 
        + /mx(0) * mx(1) * qa(2).Q 
        + mx(0) * /mx(1) * qa(2).Q 
        + a(1) * /mx(0) * /mx(1) 

    qa(1).AR =
          GND

    qa(1).SP =
          GND

    qa(1).C =
          clk 

    qa(2).D =
          mx(0) * mx(1) * qa(2).Q 
        + /mx(0) * mx(1) * qa(3).Q 
        + mx(0) * /mx(1) * qa(3).Q 
        + a(2) * /mx(0) * /mx(1) 

    qa(2).AR =
          GND

    qa(2).SP =
          GND

    qa(2).C =
          clk 

    qa(3).D =
          mx(0) * mx(1) * qa(3).Q 
        + b1 * /mx(0) * mx(1) 
        + b0 * mx(0) * /mx(1) 
        + a(3) * /mx(0) * /mx(1) 

    qa(3).AR =
          GND

    qa(3).SP =
          GND

    qa(3).C =
          clk 


Completed Successfully  
----------------------------------------------------------------------------
PLD Compiler Software:        PLA2JED.EXE    31/03/2000  [v4.02 ] 6.3 IR 35

DESIGN RULE CHECK          (10:16:02)

Messages:
                 None.


Summary:
                 Error Count = 0      Warning Count = 0

Completed Successfully  
----------------------------------------------------------------------------
PLD Compiler Software:        PLA2JED.EXE    31/03/2000  [v4.02 ] 6.3 IR 35

<CYPRESSTAG name="Pinout" icon=FILE_RPT_PINOUT>
PINOUT INFORMATION   (10:16:02)
</CYPRESSTAG>
Messages:
  Information: All signals pre-placed in user design.


                                 C22V10
                 __________________________________________
            clk =| 1|                                  |24|* not used       
           a(0) =| 2|                                  |23|* not used       
           a(1) =| 3|                                  |22|* not used       
           a(2) =| 4|                                  |21|* not used       
           a(3) =| 5|                                  |20|* not used       
             b0 =| 6|                                  |19|* not used       
             b1 =| 7|                                  |18|* not used       
       not used *| 8|                                  |17|= qa(3)          
       not used *| 9|                                  |16|= qa(2)          
          mx(0) =|10|                                  |15|= qa(1)          
          mx(1) =|11|                                  |14|= qa(0)          
       not used *|12|                                  |13|* not used       
                 __________________________________________


Summary:
                 Error Count = 0      Warning Count = 0

Completed Successfully  
  Information: Checking for duplicate NODE logic.
----------------------------------------------------------------------------
PLD Compiler Software:        PLA2JED.EXE    31/03/2000  [v4.02 ] 6.3 IR 35

<CYPRESSTAG name="Utilization" icon=FILE_RPT_UTILIZATION>
RESOURCE UTILIZATION (10:16:02)
</CYPRESSTAG>
  Information: Macrocell Utilization.

                     Description        Used     Max
                 ______________________________________
                 | Dedicated Inputs   |    8  |   11  |
                 | Clock/Inputs       |    1  |    1  |
                 | I/O Macrocells     |    4  |   10  |
                 ______________________________________
                                          13  /   22   = 59  %


  Information: Output Logic Product Term Utilization.

                  Node#  Output Signal Name  Used   Max
                 ________________________________________
                 | 14  |  qa(0)           |   4  |   8  |
                 | 15  |  qa(1)           |   4  |  10  |
                 | 16  |  qa(2)           |   4  |  12  |
                 | 17  |  qa(3)           |   4  |  14  |
                 | 18  |  Unused          |   0  |  16  |
                 | 19  |  Unused          |   0  |  16  |
                 | 20  |  Unused          |   0  |  14  |
                 | 21  |  Unused          |   0  |  12  |
                 | 22  |  Unused          |   0  |  10  |
                 | 23  |  Unused          |   0  |   8  |
                 | 25  |  Unused          |   0  |   1  |
                 ________________________________________
                                             16  / 121   = 13  %


Completed Successfully  
----------------------------------------------------------------------------
PLD Compiler Software:        PLA2JED.EXE    31/03/2000  [v4.02 ] 6.3 IR 35

JEDEC ASSEMBLE             (10:16:02)

Messages:
  Information: Output file 'Registro.pin' created.
  Information: Output file 'Registro.jed' created.

  Usercode:    
  Checksum:    6A37



Summary:
                 Error Count = 0      Warning Count = 0

Completed Successfully at 10:16:02
