
     | | | | | | |
   _________________
  -|               |-
  -|               |-
  -|               |-
  -|    CYPRESS    |-
  -|               |-
  -|               |-   Warp VHDL Synthesis Compiler: Version 6.3 IR 35
  -|               |-   Copyright (C) 1991-2001 Cypress Semiconductor
   |_______________|
     | | | | | | |

======================================================================
Compiling:  CARRO.VHD
Options:    -yu -e10 -w100 -o2 -ygs -fP -v10 -dc22v10 -ppalc22v10d-25pc -b CARRO.VHD -u Carrito.hie
======================================================================

vhdlfe V6.3 IR 35:  VHDL parser
Tue Dec 13 10:55:19 2022

Library 'work' => directory 'lc22v10'
Linking 'C:\Archivos de programa\Cypress\Warp\bin\std.vhd'.
Linking 'C:\Archivos de programa\Cypress\Warp\lib\common\cypress.vhd'.
Linking 'C:\Archivos de programa\Cypress\Warp\lib\common\work\cypress.vif'.
Library 'ieee' => directory 'C:\Archivos de programa\Cypress\Warp\lib\ieee\work'
Linking 'C:\Archivos de programa\Cypress\Warp\lib\ieee\work\stdlogic.vif'.
Linking 'C:\Archivos de programa\Cypress\Warp\lib\ieee\work\num_std.vif'.

vhdlfe:  No errors.


tovif V6.3 IR 35:  High-level synthesis
Tue Dec 13 10:55:19 2022

Linking 'C:\Archivos de programa\Cypress\Warp\bin\std.vhd'.
Linking 'C:\Archivos de programa\Cypress\Warp\lib\common\cypress.vhd'.
Linking 'C:\Archivos de programa\Cypress\Warp\lib\common\work\cypress.vif'.
Linking 'C:\Archivos de programa\Cypress\Warp\lib\ieee\work\stdlogic.vif'.
Linking 'C:\Archivos de programa\Cypress\Warp\lib\ieee\work\num_std.vif'.

tovif:  No errors.


topld V6.3 IR 35:  Synthesis and optimization
Tue Dec 13 10:55:19 2022

Linking 'C:\Archivos de programa\Cypress\Warp\bin\std.vhd'.
Linking 'C:\Archivos de programa\Cypress\Warp\lib\common\cypress.vhd'.
Linking 'C:\Archivos de programa\Cypress\Warp\lib\common\work\cypress.vif'.
Linking 'C:\Archivos de programa\Cypress\Warp\lib\ieee\work\stdlogic.vif'.
Linking 'C:\Archivos de programa\Cypress\Warp\lib\ieee\work\num_std.vif'.

----------------------------------------------------------
Detecting unused logic.
----------------------------------------------------------



------------------------------------------------------
Alias Detection
------------------------------------------------------

------------------------------------------------------
Aliased 0 equations, 2 wires.
------------------------------------------------------

----------------------------------------------------------
Circuit simplification
----------------------------------------------------------

----------------------------------------------------------
Circuit simplification results:

	Expanded 0 signals.
	Turned 0 signals into soft nodes.
	Maximum default expansion cost was set at 10.
----------------------------------------------------------
Created 11 PLD nodes.

topld:  No errors.

----------------------------------------------------------------------------
PLD Optimizer Software:       DSGNOPT.EXE    31/03/2000  [v4.02 ] 6.3 IR 35

DESIGN HEADER INFORMATION  (10:55:20)

Input File(s): CARRO.pla
Device       : C22V10
Package      : palc22v10d-25pc
ReportFile   : CARRO.rpt

Program Controls:
    COMMAND LANGUAGE_VHDL 
    COMMAND PROPERTY BUS_HOLD ENABLE 

Signal Requests:
    GROUP USEPOL ALL
    GROUP FAST_SLEW ALL

Completed Successfully  
----------------------------------------------------------------------------
PLD Optimizer Software:       DSGNOPT.EXE    31/03/2000  [v4.02 ] 6.3 IR 35

OPTIMIZATION OPTIONS       (10:55:20)

Messages:
  Information: Selected logic optimization OFF for signals:
         md(0).D md(0).C md(1).D md(1).C mi(0).D mi(0).C mi(1).D mi(1).C



Summary:
                 Error Count = 0      Warning Count = 0

Completed Successfully  
----------------------------------------------------------------------------
PLD Optimizer Software:       MINOPT.EXE     01/NOV/1999  [v4.02 ] 6.3 IR 35

LOGIC MINIMIZATION         ()

Messages:


Summary:
                 Error Count = 0      Warning Count = 0

Completed Successfully
----------------------------------------------------------------------------
PLD Optimizer Software:       DSGNOPT.EXE    31/03/2000  [v4.02 ] 6.3 IR 35

OPTIMIZATION OPTIONS       (10:55:20)

Messages:
  Information: Optimizing Banked Preset/Reset requirements.


Summary:
                 Error Count = 0      Warning Count = 0

Completed Successfully  
----------------------------------------------------------------------------
PLD Compiler Software:        PLA2JED.EXE    31/03/2000  [v4.02 ] 6.3 IR 35

<CYPRESSTAG name="Equations" icon=FILE_RPT_EQUATION>
DESIGN EQUATIONS           (10:55:20)
</CYPRESSTAG>

    md(0).D =
          si 

    md(0).AR =
          GND

    md(0).SP =
          GND

    md(0).C =
          clk 

    md(1).D =
          /si 

    md(1).AR =
          GND

    md(1).SP =
          GND

    md(1).C =
          clk 

    mi(0).D =
          sd 

    mi(0).AR =
          GND

    mi(0).SP =
          GND

    mi(0).C =
          clk 

    mi(1).D =
          /sd 

    mi(1).AR =
          GND

    mi(1).SP =
          GND

    mi(1).C =
          clk 


Completed Successfully  
----------------------------------------------------------------------------
PLD Compiler Software:        PLA2JED.EXE    31/03/2000  [v4.02 ] 6.3 IR 35

DESIGN RULE CHECK          (10:55:20)

Messages:
                 None.


Summary:
                 Error Count = 0      Warning Count = 0

Completed Successfully  
----------------------------------------------------------------------------
PLD Compiler Software:        PLA2JED.EXE    31/03/2000  [v4.02 ] 6.3 IR 35

<CYPRESSTAG name="Pinout" icon=FILE_RPT_PINOUT>
PINOUT INFORMATION   (10:55:20)
</CYPRESSTAG>
Messages:
  Information: All signals pre-placed in user design.


                                 C22V10
                 __________________________________________
            clk =| 1|                                  |24|* not used       
             si =| 2|                                  |23|* not used       
             sd =| 3|                                  |22|* not used       
       not used *| 4|                                  |21|* not used       
       not used *| 5|                                  |20|* not used       
       not used *| 6|                                  |19|* not used       
       not used *| 7|                                  |18|* not used       
       not used *| 8|                                  |17|= md(1)          
       not used *| 9|                                  |16|= md(0)          
       not used *|10|                                  |15|= mi(1)          
       not used *|11|                                  |14|= mi(0)          
       not used *|12|                                  |13|* not used       
                 __________________________________________


Summary:
                 Error Count = 0      Warning Count = 0

Completed Successfully  
  Information: Checking for duplicate NODE logic.
----------------------------------------------------------------------------
PLD Compiler Software:        PLA2JED.EXE    31/03/2000  [v4.02 ] 6.3 IR 35

<CYPRESSTAG name="Utilization" icon=FILE_RPT_UTILIZATION>
RESOURCE UTILIZATION (10:55:20)
</CYPRESSTAG>
  Information: Macrocell Utilization.

                     Description        Used     Max
                 ______________________________________
                 | Dedicated Inputs   |    2  |   11  |
                 | Clock/Inputs       |    1  |    1  |
                 | I/O Macrocells     |    4  |   10  |
                 ______________________________________
                                           7  /   22   = 31  %


  Information: Output Logic Product Term Utilization.

                  Node#  Output Signal Name  Used   Max
                 ________________________________________
                 | 14  |  mi(0)           |   1  |   8  |
                 | 15  |  mi(1)           |   1  |  10  |
                 | 16  |  md(0)           |   1  |  12  |
                 | 17  |  md(1)           |   1  |  14  |
                 | 18  |  Unused          |   0  |  16  |
                 | 19  |  Unused          |   0  |  16  |
                 | 20  |  Unused          |   0  |  14  |
                 | 21  |  Unused          |   0  |  12  |
                 | 22  |  Unused          |   0  |  10  |
                 | 23  |  Unused          |   0  |   8  |
                 | 25  |  Unused          |   0  |   1  |
                 ________________________________________
                                              4  / 121   = 3   %


Completed Successfully  
----------------------------------------------------------------------------
PLD Compiler Software:        PLA2JED.EXE    31/03/2000  [v4.02 ] 6.3 IR 35

JEDEC ASSEMBLE             (10:55:20)

Messages:
  Information: Output file 'CARRO.pin' created.
  Information: Output file 'CARRO.jed' created.

  Usercode:    
  Checksum:    2BF6



Summary:
                 Error Count = 0      Warning Count = 0

Completed Successfully at 10:55:20
